{
  "Query Text": "\nSELECT s.total_batches AS batches_processed,\n  max(s.end_time) as end_time\nFROM trials t INNER JOIN steps s ON t.id=s.trial_id\nWHERE t.experiment_id=$1\n  AND s.state = 'COMPLETED'\n  AND s.metrics->'avg_metrics' ? $2\n  AND s.end_time > $3\nGROUP BY batches_processed;",
  "Plan": {
    "Node Type": "Aggregate",
    "Strategy": "Sorted",
    "Partial Mode": "Simple",
    "Parallel Aware": false,
    "Startup Cost": 594475.32,
    "Total Cost": 594475.67,
    "Plan Rows": 20,
    "Plan Width": 12,
    "Actual Startup Time": 6548.120,
    "Actual Total Time": 6548.311,
    "Actual Rows": 65,
    "Actual Loops": 1,
    "Output": ["raw_steps.total_batches", "max(raw_steps.end_time)"],
    "Group Key": ["raw_steps.total_batches"],
    "Plans": [
      {
        "Node Type": "Sort",
        "Parent Relationship": "Outer",
        "Parallel Aware": false,
        "Startup Cost": 594475.32,
        "Total Cost": 594475.37,
        "Plan Rows": 20,
        "Plan Width": 12,
        "Actual Startup Time": 6548.048,
        "Actual Total Time": 6548.145,
        "Actual Rows": 1306,
        "Actual Loops": 1,
        "Output": ["raw_steps.total_batches", "raw_steps.end_time"],
        "Sort Key": ["raw_steps.total_batches"],
        "Sort Method": "quicksort",
        "Sort Space Used": 110,
        "Sort Space Type": "Memory",
        "Plans": [
          {
            "Node Type": "Nested Loop",
            "Parent Relationship": "Outer",
            "Parallel Aware": false,
            "Join Type": "Inner",
            "Startup Cost": 0.83,
            "Total Cost": 594474.89,
            "Plan Rows": 20,
            "Plan Width": 12,
            "Actual Startup Time": 1851.215,
            "Actual Total Time": 6547.672,
            "Actual Rows": 1306,
            "Actual Loops": 1,
            "Output": ["raw_steps.total_batches", "raw_steps.end_time"],
            "Inner Unique": true,
            "Plans": [
              {
                "Node Type": "Index Scan",
                "Parent Relationship": "Outer",
                "Parallel Aware": false,
                "Scan Direction": "Forward",
                "Index Name": "steps_archived",
                "Relation Name": "raw_steps",
                "Schema": "public",
                "Alias": "raw_steps",
                "Startup Cost": 0.55,
                "Total Cost": 592593.56,
                "Plan Rows": 282,
                "Plan Width": 16,
                "Actual Startup Time": 0.073,
                "Actual Total Time": 5848.716,
                "Actual Rows": 319364,
                "Actual Loops": 1,
                "Output": ["raw_steps.total_batches", "raw_steps.end_time", "raw_steps.trial_id"],
                "Index Cond": "(raw_steps.archived = false)",
                "Rows Removed by Index Recheck": 0,
                "Filter": "((NOT raw_steps.archived) AND (raw_steps.end_time > '0001-01-01 00:00:00+00'::timestamp with time zone) AND (raw_steps.state = 'COMPLETED'::step_state) AND ((raw_steps.metrics -> 'avg_metrics'::text) ? 'loss'::text))",
                "Rows Removed by Filter": 175
              },
              {
                "Node Type": "Index Scan",
                "Parent Relationship": "Inner",
                "Parallel Aware": false,

9:00
"Scan Direction": "Forward",
                "Index Name": "trials_pkey",
                "Relation Name": "trials",
                "Schema": "public",
                "Alias": "t",
                "Startup Cost": 0.28,
                "Total Cost": 6.67,
                "Plan Rows": 1,
                "Plan Width": 4,
                "Actual Startup Time": 0.002,
                "Actual Total Time": 0.002,
                "Actual Rows": 0,
                "Actual Loops": 319364,
                "Output": ["t.id", "t.experiment_id", "t.state", "t.start_time", "t.end_time", "t.hparams", "t.warm_start_checkpoint_id", "t.seed", "t.request_id", "t.best_validation_id", "t.runner_state", "t.task_id", "t.run_id", "t.restarts", "t.tags", "t.checkpoint_size", "t.checkpoint_count", "t.searcher_metric_value"],
                "Index Cond": "(t.id = raw_steps.trial_id)",
                "Rows Removed by Index Recheck": 0,
                "Filter": "(t.experiment_id = 1754)",
                "Rows Removed by Filter": 1
              }
            ]
          }
        ]
      }
    ]
  }
}
