                                                                                                 QUERY PLAN                                                                                                  
-------------------------------------------------------------------------------------------------------------------------------------------------------------------------------------------------------------
 Nested Loop  (cost=140862.75..141287.43 rows=80 width=284) (actual time=447.827..2337.133 rows=1 loops=1)
   CTE mv
     ->  Hash Right Join  (cost=1.55..5.07 rows=1 width=214) (actual time=0.025..0.037 rows=1 loops=1)
           Hash Cond: (users.id = model_versions.user_id)
           ->  Seq Scan on users  (cost=0.00..3.10 rows=110 width=14) (actual time=0.002..0.008 rows=110 loops=1)
           ->  Hash  (cost=1.54..1.54 rows=1 width=204) (actual time=0.006..0.007 rows=1 loops=1)
                 Buckets: 1024  Batches: 1  Memory Usage: 9kB
                 ->  Seq Scan on model_versions  (cost=0.00..1.54 rows=1 width=204) (actual time=0.003..0.004 rows=1 loops=1)
                       Filter: (model_id = 28)
                       Rows Removed by Filter: 42
   CTE m
     ->  GroupAggregate  (cost=6.41..6.43 rows=1 width=207) (actual time=0.142..0.145 rows=1 loops=1)
           Group Key: m_1.id, u.id
           ->  Sort  (cost=6.41..6.41 rows=1 width=203) (actual time=0.135..0.138 rows=1 loops=1)
                 Sort Key: u.id
                 Sort Method: quicksort  Memory: 25kB
                 ->  Nested Loop Left Join  (cost=1.45..6.40 rows=1 width=203) (actual time=0.087..0.119 rows=1 loops=1)
                       Join Filter: (mv_1.model_id = m_1.id)
                       ->  Hash Join  (cost=1.45..4.85 rows=1 width=199) (actual time=0.076..0.106 rows=1 loops=1)
                             Hash Cond: (u.id = m_1.user_id)
                             ->  Seq Scan on users u  (cost=0.00..3.10 rows=110 width=14) (actual time=0.045..0.070 rows=110 loops=1)
                             ->  Hash  (cost=1.44..1.44 rows=1 width=185) (actual time=0.020..0.020 rows=1 loops=1)
                                   Buckets: 1024  Batches: 1  Memory Usage: 9kB
                                   ->  Seq Scan on models m_1  (cost=0.00..1.44 rows=1 width=185) (actual time=0.010..0.012 rows=1 loops=1)
                                         Filter: (id = 28)
                                         Rows Removed by Filter: 34
                       ->  Seq Scan on model_versions mv_1  (cost=0.00..1.54 rows=1 width=8) (actual time=0.010..0.011 rows=1 loops=1)
                             Filter: (model_id = 28)
                             Rows Removed by Filter: 42
   CTE c
     ->  Hash Semi Join  (cost=3615.91..140851.21 rows=16094 width=232) (actual time=447.588..2336.883 rows=1 loops=1)
           Hash Cond: (c_1.uuid = mv_2.checkpoint_uuid)
           ->  Append  (cost=3615.88..139863.42 rows=32187 width=316) (actual time=307.260..2332.091 rows=32174 loops=1)
                 ->  Hash Left Join  (cost=3615.88..34727.77 rows=3612 width=2847) (actual time=307.260..477.136 rows=3632 loops=1)
                       Hash Cond: (t.experiment_id = e.id)
                       ->  Nested Loop Left Join  (cost=3248.14..34260.23 rows=3612 width=2287) (actual time=303.363..450.704 rows=3632 loops=1)
                             Filter: ((s.archived IS NULL) OR ((NOT s.archived) AND (v.archived IS NULL)) OR (NOT v.archived))
                             ->  Nested Loop Left Join  (cost=3247.71..7752.28 rows=3630 width=1052) (actual time=303.311..427.464 rows=3630 loops=1)
                                   Join Filter: (((c_1.metadata ->> 'steps_completed'::text))::integer = v.total_batches)
                                   Rows Removed by Join Filter: 45651
                                   ->  Hash Left Join  (cost=3247.42..5301.63 rows=3630 width=917) (actual time=303.255..406.144 rows=3630 loops=1)
                                         Hash Cond: (c_1.task_id = t.task_id)
                                         ->  Seq Scan on checkpoints_v2 c_1  (cost=0.00..322.30 rows=3630 width=600) (actual time=0.002..2.249 rows=3630 loops=1)
                                         ->  Hash  (cost=1798.63..1798.63 rows=25663 width=336) (actual time=302.046..302.047 rows=25630 loops=1)
                                               Buckets: 16384  Batches: 4  Memory Usage: 2518kB
                                               ->  Seq Scan on trials t  (cost=0.00..1798.63 rows=25663 width=336) (actual time=0.014..15.532 rows=25630 loops=1)
                                   ->  Index Scan using ix_validations_trial_id on raw_validations v  (cost=0.29..0.62 rows=3 width=143) (actual time=0.001..0.003 rows=13 loops=3630)
                                         Index Cond: (t.id = trial_id)
                             ->  Index Scan using steps_trial_id_total_batches_run_id_unique on raw_steps s  (cost=0.43..7.29 rows=1 width=1245) (actual time=0.006..0.006 rows=1 loops=3630)
                                   Index Cond: ((t.id = trial_id) AND (((c_1.metadata ->> 'steps_completed'::text))::integer = total_batches))
                       ->  Hash  (cost=341.77..341.77 rows=2077 width=650) (actual time=2.788..2.789 rows=2071 loops=1)
                             Buckets: 4096  Batches: 1  Memory Usage: 1412kB
                             ->  Seq Scan on experiments e  (cost=0.00..341.77 rows=2077 width=650) (actual time=0.011..1.926 rows=2071 loops=1)
                 ->  Subquery Scan on "*SELECT* 2"  (cost=9146.80..105099.53 rows=28575 width=2659) (actual time=701.259..1852.566 rows=28542 loops=1)
                       ->  Gather  (cost=9146.80..104742.34 rows=28575 width=2655) (actual time=701.257..1848.617 rows=28542 loops=1)
                             Workers Planned: 1
                             Workers Launched: 1
                             ->  Hash Left Join  (cost=8146.80..100502.45 rows=16809 width=2655) (actual time=705.563..1794.347 rows=14271 loops=2)
                                   Hash Cond: (t_1.experiment_id = e_1.id)
                                   ->  Nested Loop Left Join  (cost=7779.07..99544.21 rows=16809 width=2079) (actual time=703.300..1512.725 rows=14271 loops=2)
                                         Filter: ((s_1.archived IS NULL) OR ((NOT s_1.archived) AND (v_1.archived IS NULL)) OR (NOT v_1.archived))
                                         Rows Removed by Filter: 86
                                         ->  Hash Left Join  (cost=7778.64..15940.92 rows=16891 width=844) (actual time=703.018..1388.540 rows=14357 loops=2)
                                               Hash Cond: (c_2.trial_id = t_1.id)
                                               ->  Hash Left Join  (cost=4531.23..9309.15 rows=16891 width=512) (actual time=366.114..693.098 rows=14357 loops=2)
                                                     Hash Cond: ((c_2.trial_id = v_1.trial_id) AND (c_2.trial_run_id = v_1.trial_run_id) AND (c_2.total_batches = v_1.total_batches))
                                                     ->  Parallel Seq Scan on raw_checkpoints c_2  (cost=0.00..1666.91 rows=16891 width=377) (actual time=0.163..8.986 rows=14357 loops=2)
                                                     ->  Hash  (cost=2183.90..2183.90 rows=60190 width=147) (actual time=365.159..365.159 rows=60190 loops=2)
                                                           Buckets: 32768  Batches: 4  Memory Usage: 2865kB
                                                           ->  Seq Scan on raw_validations v_1  (cost=0.00..2183.90 rows=60190 width=147) (actual time=0.168..18.257 rows=60190 loops=2)
                                               ->  Hash  (cost=1798.63..1798.63 rows=25663 width=336) (actual time=334.858..334.858 rows=25630 loops=2)
                                                     Buckets: 16384  Batches: 4  Memory Usage: 2498kB
                                                     ->  Seq Scan on trials t_1  (cost=0.00..1798.63 rows=25663 width=336) (actual time=0.252..9.422 rows=25630 loops=2)
                                         ->  Index Scan using steps_trial_id_total_batches_run_id_unique on raw_steps s_1  (cost=0.43..4.94 rows=1 width=1249) (actual time=0.008..0.008 rows=1 loops=28714)
                                               Index Cond: ((trial_id = t_1.id) AND (total_batches = c_2.total_batches) AND (trial_run_id = c_2.trial_run_id))
                                   ->  Hash  (cost=341.77..341.77 rows=2077 width=650) (actual time=2.163..2.163 rows=2071 loops=2)
                                         Buckets: 4096  Batches: 1  Memory Usage: 1416kB
                                         ->  Seq Scan on experiments e_1  (cost=0.00..341.77 rows=2077 width=650) (actual time=0.169..1.139 rows=2071 loops=2)
           ->  Hash  (cost=0.02..0.02 rows=1 width=16) (actual time=0.071..0.072 rows=1 loops=1)
                 Buckets: 1024  Batches: 1  Memory Usage: 9kB
                 ->  CTE Scan on mv mv_2  (cost=0.00..0.02 rows=1 width=16) (actual time=0.026..0.037 rows=1 loops=1)
   ->  CTE Scan on m  (cost=0.00..0.02 rows=1 width=24) (actual time=0.157..0.159 rows=1 loops=1)
   ->  Hash Join  (cost=0.03..423.30 rows=80 width=276) (actual time=447.626..2333.401 rows=1 loops=1)
         Hash Cond: (c.uuid = (mv.checkpoint_uuid)::text)
         ->  CTE Scan on c  (cost=0.00..321.88 rows=16094 width=88) (actual time=447.602..2333.375 rows=1 loops=1)
         ->  Hash  (cost=0.02..0.02 rows=1 width=236) (actual time=0.005..0.006 rows=1 loops=1)
               Buckets: 1024  Batches: 1  Memory Usage: 9kB
               ->  CTE Scan on mv  (cost=0.00..0.02 rows=1 width=236) (actual time=0.001..0.002 rows=1 loops=1)
 Planning time: 26.983 ms
 Execution time: 2337.656 ms
(90 rows)

